16.04.21 13:04:18
I:\WebOpenServer_5_3_7\domains\getppphope.local\form-dev\action.php $data
Array
(
    [schedule_f] => 
    [schedule_c] => 
    [company_name] => 2e12e1
    [first_name] => 
    [last_name] => 
    [email] => 
    [company_phone] => 
    [mobile_phone] => 
)

-------------------
16.04.21 13:04:26
I:\WebOpenServer_5_3_7\domains\getppphope.local\form-dev\action.php $data
Array
(
    [schedule_f] => 
    [schedule_c] => 
    [company_name] => 2e12e1
    [first_name] => 
    [last_name] => 
    [email] => 
    [company_phone] => 
    [mobile_phone] => 
)

-------------------
16.04.21 13:04:34
I:\WebOpenServer_5_3_7\domains\getppphope.local\form-dev\action.php $data
Array
(
    [schedule_f] => 
    [schedule_c] => 
    [company_name] => 2e12e1
    [first_name] => 
    [last_name] => 
    [email] => 
    [company_phone] => 
    [mobile_phone] => 
)

-------------------
16.04.21 13:04:46
I:\WebOpenServer_5_3_7\domains\getppphope.local\form-dev\action.php $data
Array
(
    [schedule_f] => 
    [schedule_c] => 
    [company_name] => 2e12e1
    [first_name] => 
    [last_name] => 
    [email] => 
    [company_phone] => 
    [mobile_phone] => 
)

-------------------
16.04.21 13:04:25
I:\WebOpenServer_5_3_7\domains\getppphope.local\form-dev\action.php $data
Array
(
    [schedule_f] => 
    [schedule_c] => 
    [company_name] => 2e12e1
    [first_name] => 
    [last_name] => 
    [email] => 
    [company_phone] => 
    [mobile_phone] => 
)

-------------------
16.04.21 13:04:52
I:\WebOpenServer_5_3_7\domains\getppphope.local\form-dev\action.php $data
Array
(
    [schedule_f] => 
    [schedule_c] => 
    [company_name] => 2e12e1
    [first_name] => 
    [last_name] => 
    [email] => 
    [company_phone] => 
    [mobile_phone] => 
)

-------------------
16.04.21 13:04:59
I:\WebOpenServer_5_3_7\domains\getppphope.local\form-dev\action.php $data
Array
(
    [schedule_f] => 
    [schedule_c] => 
    [company_name] => 2e12e1
    [first_name] => 
    [last_name] => 
    [email] => 
    [company_phone] => 
    [mobile_phone] => 
)

-------------------
16.04.21 13:04:08
I:\WebOpenServer_5_3_7\domains\getppphope.local\form-dev\action.php $data
Array
(
    [schedule_f] => 
    [schedule_c] => 
    [company_name] => 2e12e1
    [first_name] => 
    [last_name] => 
    [email] => 
    [company_phone] => 
    [mobile_phone] => 
)

-------------------
16.04.21 13:04:24
I:\WebOpenServer_5_3_7\domains\getppphope.local\form-dev\action.php $data
Array
(
    [schedule_f] => 
    [schedule_c] => 
    [company_name] => 2e12e1
    [first_name] => 
    [last_name] => 
    [email] => 
    [company_phone] => 
    [mobile_phone] => 
)

-------------------
16.04.21 13:04:34
I:\WebOpenServer_5_3_7\domains\getppphope.local\form-dev\action.php $data
Array
(
    [schedule_f] => 
    [schedule_c] => 
    [company_name] => 2e12e1
    [first_name] => 
    [last_name] => 
    [email] => 
    [company_phone] => 
    [mobile_phone] => 
)

-------------------
